\BOOKMARK [1][-]{section.1}{Introduction}{}% 1
\BOOKMARK [1][-]{section.2}{Laboratory setup}{}% 2
\BOOKMARK [2][-]{subsection.2.1}{StarDICE}{section.2}% 3
\BOOKMARK [2][-]{subsection.2.2}{Collimated Beam Projector}{section.2}% 4
\BOOKMARK [2][-]{subsection.2.3}{Solar cell description}{section.2}% 5
\BOOKMARK [2][-]{subsection.2.4}{Time synchronisation}{section.2}% 6
\BOOKMARK [2][-]{subsection.2.5}{Measurement principle}{section.2}% 7
\BOOKMARK [2][-]{subsection.2.6}{Measurement overview}{section.2}% 8
\BOOKMARK [1][-]{section.3}{CBP response calibration with a solar cell}{}% 9
\BOOKMARK [2][-]{subsection.3.1}{Optics setup}{section.3}% 10
\BOOKMARK [2][-]{subsection.3.2}{Description of the CBP data set}{section.3}% 11
\BOOKMARK [2][-]{subsection.3.3}{Spectrograph data analysis}{section.3}% 12
\BOOKMARK [2][-]{subsection.3.4}{Electrometer data reduction}{section.3}% 13
\BOOKMARK [2][-]{subsection.3.5}{CBP ratio of charges}{section.3}% 14
\BOOKMARK [2][-]{subsection.3.6}{Systematics}{section.3}% 15
\BOOKMARK [2][-]{subsection.3.7}{CBP response}{section.3}% 16
\BOOKMARK [1][-]{section.4}{Measurement of the StarDICE telescope response}{}% 17
\BOOKMARK [2][-]{subsection.4.1}{Modelisation of the StarDICE PSF on 75 \265m pinhole data}{section.4}% 18
\BOOKMARK [2][-]{subsection.4.2}{Accounting for CBP light contamination}{section.4}% 19
\BOOKMARK [2][-]{subsection.4.3}{Pinhole intercalibration}{section.4}% 20
\BOOKMARK [2][-]{subsection.4.4}{Photometry applicable to on-sky data}{section.4}% 21
\BOOKMARK [2][-]{subsection.4.5}{Results}{section.4}% 22
\BOOKMARK [1][-]{section.5}{Synthesis of the equivalent transmission for full pupil illumination}{}% 23
\BOOKMARK [2][-]{subsection.5.1}{Radial model of the instrument transmission}{section.5}% 24
\BOOKMARK [2][-]{subsection.5.2}{Full pupil synthetic transmission curves}{section.5}% 25
\BOOKMARK [2][-]{subsection.5.3}{Final uncertainty budget}{section.5}% 26
\BOOKMARK [1][-]{section.6}{Conclusion}{}% 27
\BOOKMARK [1][-]{section.A1}{Ghost photometry}{}% 28
