\BOOKMARK [1][-]{section.1}{Currently happening}{}% 1
\BOOKMARK [1][-]{section.2}{Introduction}{}% 2
\BOOKMARK [1][-]{section.3}{Laboratory setup}{}% 3
\BOOKMARK [1][-]{section.4}{CBP transmission calibration with a solar cell}{}% 4
\BOOKMARK [2][-]{subsection.4.1}{Photo-current datasets}{section.4}% 5
\BOOKMARK [2][-]{subsection.4.2}{Choice of the dynamic range}{section.4}% 6
\BOOKMARK [2][-]{subsection.4.3}{Dark current caracterization}{section.4}% 7
\BOOKMARK [2][-]{subsection.4.4}{Choice of the pinhole}{section.4}% 8
\BOOKMARK [3][-]{subsubsection.4.4.1}{Focussing and distance: last focussing 2021-10-11}{subsection.4.4}% 9
\BOOKMARK [3][-]{subsubsection.4.4.2}{Diameter selection}{subsection.4.4}% 10
\BOOKMARK [2][-]{subsection.4.5}{Solar Cell linearity}{section.4}% 11
\BOOKMARK [2][-]{subsection.4.6}{Light source filtering}{section.4}% 12
\BOOKMARK [1][-]{section.5}{Instrument model}{}% 13
\BOOKMARK [1][-]{section.6}{Data reduction of the calibration dataset}{}% 14
\BOOKMARK [2][-]{subsection.6.1}{Overview of the calibration data}{section.6}% 15
\BOOKMARK [2][-]{subsection.6.2}{Reduction of images}{section.6}% 16
\BOOKMARK [2][-]{subsection.6.3}{Reduction of photocurrent timeseries}{section.6}% 17
\BOOKMARK [2][-]{subsection.6.4}{Reduction of spectral timeseries}{section.6}% 18
\BOOKMARK [1][-]{section.7}{Results}{}% 19
\BOOKMARK [2][-]{subsection.7.1}{Gain and linearity}{section.7}% 20
\BOOKMARK [2][-]{subsection.7.2}{Open transmission}{section.7}% 21
\BOOKMARK [2][-]{subsection.7.3}{Filter transmission}{section.7}% 22
\BOOKMARK [1][-]{section.8}{Systematic uncertainties}{}% 23
\BOOKMARK [1][-]{section.9}{Conclusion}{}% 24
